# JRE version: Java(TM) SE Runtime Environment (8.0_131-b11) (build 1.8.0_131-b11)
# Java VM: Java HotSpot(TM) 64-Bit Server VM (25.131-b11 mixed mode windows-amd64 compressed oops)
Heap:
 PSYoungGen      total 188416K, used 53708K [0x00000000d5d00000, 0x00000000e5280000, 0x0000000100000000)
  eden space 178176K, 24% used [0x00000000d5d00000,0x00000000d877c068,0x00000000e0b00000)
  from space 10240K, 99% used [0x00000000e3c00000,0x00000000e45f7080,0x00000000e4600000)
  to   space 12800K, 0% used [0x00000000e4600000,0x00000000e4600000,0x00000000e5280000)
 ParOldGen       total 103936K, used 27284K [0x0000000081600000, 0x0000000087b80000, 0x00000000d5d00000)
  object space 103936K, 26% used [0x0000000081600000,0x00000000830a53a8,0x0000000087b80000)
 Metaspace       used 45115K, capacity 46044K, committed 46296K, reserved 1089536K
  class space    used 6090K, capacity 6311K, committed 6360K, reserved 1048576K
GC Heap History (10 events):
Event: 14.700 GC heap before
{Heap before GC invocations=13 (full 2):
 PSYoungGen      total 210432K, used 210289K [0x00000000d5d00000, 0x00000000e4780000, 0x0000000100000000)
  eden space 202240K, 100% used [0x00000000d5d00000,0x00000000e2280000,0x00000000e2280000)
  from space 8192K, 98% used [0x00000000e3f80000,0x00000000e475c680,0x00000000e4780000)
  to   space 16896K, 0% used [0x00000000e2680000,0x00000000e2680000,0x00000000e3700000)
 ParOldGen       total 103936K, used 27244K [0x0000000081600000, 0x0000000087b80000, 0x00000000d5d00000)
  object space 103936K, 26% used [0x0000000081600000,0x000000008309b3a8,0x0000000087b80000)
 Metaspace       used 43576K, capacity 44332K, committed 44504K, reserved 1087488K
  class space    used 5870K, capacity 6079K, committed 6104K, reserved 1048576K
Event: 14.712 GC heap after
Heap after GC invocations=13 (full 2):
 PSYoungGen      total 223232K, used 12055K [0x00000000d5d00000, 0x00000000e7000000, 0x0000000100000000)
  eden space 206336K, 0% used [0x00000000d5d00000,0x00000000d5d00000,0x00000000e2680000)
  from space 16896K, 71% used [0x00000000e2680000,0x00000000e3245d58,0x00000000e3700000)
  to   space 17408K, 0% used [0x00000000e5f00000,0x00000000e5f00000,0x00000000e7000000)
 ParOldGen       total 103936K, used 27252K [0x0000000081600000, 0x0000000087b80000, 0x00000000d5d00000)
  object space 103936K, 26% used [0x0000000081600000,0x000000008309d3a8,0x0000000087b80000)
 Metaspace       used 43576K, capacity 44332K, committed 44504K, reserved 1087488K
  class space    used 5870K, capacity 6079K, committed 6104K, reserved 1048576K
}
Event: 347.408 GC heap before
{Heap before GC invocations=14 (full 2):
 PSYoungGen      total 223232K, used 218391K [0x00000000d5d00000, 0x00000000e7000000, 0x0000000100000000)
  eden space 206336K, 100% used [0x00000000d5d00000,0x00000000e2680000,0x00000000e2680000)
  from space 16896K, 71% used [0x00000000e2680000,0x00000000e3245d58,0x00000000e3700000)
  to   space 17408K, 0% used [0x00000000e5f00000,0x00000000e5f00000,0x00000000e7000000)
 ParOldGen       total 103936K, used 27252K [0x0000000081600000, 0x0000000087b80000, 0x00000000d5d00000)
  object space 103936K, 26% used [0x0000000081600000,0x000000008309d3a8,0x0000000087b80000)
 Metaspace       used 45042K, capacity 45962K, committed 46040K, reserved 1089536K
  class space    used 6086K, capacity 6308K, committed 6360K, reserved 1048576K
Event: 347.417 GC heap after
Heap after GC invocations=14 (full 2):
 PSYoungGen      total 209920K, used 11165K [0x00000000d5d00000, 0x00000000e6a00000, 0x0000000100000000)
  eden space 198656K, 0% used [0x00000000d5d00000,0x00000000d5d00000,0x00000000e1f00000)
  from space 11264K, 99% used [0x00000000e5f00000,0x00000000e69e7518,0x00000000e6a00000)
  to   space 17408K, 0% used [0x00000000e4800000,0x00000000e4800000,0x00000000e5900000)
 ParOldGen       total 103936K, used 27260K [0x0000000081600000, 0x0000000087b80000, 0x00000000d5d00000)
  object space 103936K, 26% used [0x0000000081600000,0x000000008309f3a8,0x0000000087b80000)
 Metaspace       used 45042K, capacity 45962K, committed 46040K, reserved 1089536K
  class space    used 6086K, capacity 6308K, committed 6360K, reserved 1048576K
}
Event: 718.920 GC heap before
{Heap before GC invocations=15 (full 2):
 PSYoungGen      total 209920K, used 209821K [0x00000000d5d00000, 0x00000000e6a00000, 0x0000000100000000)
  eden space 198656K, 100% used [0x00000000d5d00000,0x00000000e1f00000,0x00000000e1f00000)
  from space 11264K, 99% used [0x00000000e5f00000,0x00000000e69e7518,0x00000000e6a00000)
  to   space 17408K, 0% used [0x00000000e4800000,0x00000000e4800000,0x00000000e5900000)
 ParOldGen       total 103936K, used 27260K [0x0000000081600000, 0x0000000087b80000, 0x00000000d5d00000)
  object space 103936K, 26% used [0x0000000081600000,0x000000008309f3a8,0x0000000087b80000)
 Metaspace       used 45063K, capacity 45968K, committed 46040K, reserved 1089536K
  class space    used 6086K, capacity 6309K, committed 6360K, reserved 1048576K
Event: 718.934 GC heap after
Heap after GC invocations=15 (full 2):
 PSYoungGen      total 201728K, used 9984K [0x00000000d5d00000, 0x00000000e5f80000, 0x0000000100000000)
  eden space 191488K, 0% used [0x00000000d5d00000,0x00000000d5d00000,0x00000000e1800000)
  from space 10240K, 97% used [0x00000000e4800000,0x00000000e51c0080,0x00000000e5200000)
  to   space 13824K, 0% used [0x00000000e5200000,0x00000000e5200000,0x00000000e5f80000)
 ParOldGen       total 103936K, used 27268K [0x0000000081600000, 0x0000000087b80000, 0x00000000d5d00000)
  object space 103936K, 26% used [0x0000000081600000,0x00000000830a13a8,0x0000000087b80000)
 Metaspace       used 45063K, capacity 45968K, committed 46040K, reserved 1089536K
  class space    used 6086K, capacity 6309K, committed 6360K, reserved 1048576K
}
Event: 1088.375 GC heap before
{Heap before GC invocations=16 (full 2):
 PSYoungGen      total 201728K, used 201452K [0x00000000d5d00000, 0x00000000e5f80000, 0x0000000100000000)
  eden space 191488K, 99% used [0x00000000d5d00000,0x00000000e17fb260,0x00000000e1800000)
  from space 10240K, 97% used [0x00000000e4800000,0x00000000e51c0080,0x00000000e5200000)
  to   space 13824K, 0% used [0x00000000e5200000,0x00000000e5200000,0x00000000e5f80000)
 ParOldGen       total 103936K, used 27268K [0x0000000081600000, 0x0000000087b80000, 0x00000000d5d00000)
  object space 103936K, 26% used [0x0000000081600000,0x00000000830a13a8,0x0000000087b80000)
 Metaspace       used 45086K, capacity 45974K, committed 46040K, reserved 1089536K
  class space    used 6088K, capacity 6310K, committed 6360K, reserved 1048576K
Event: 1088.384 GC heap after
Heap after GC invocations=16 (full 2):
 PSYoungGen      total 195072K, used 10208K [0x00000000d5d00000, 0x00000000e5c00000, 0x0000000100000000)
  eden space 184832K, 0% used [0x00000000d5d00000,0x00000000d5d00000,0x00000000e1180000)
  from space 10240K, 99% used [0x00000000e5200000,0x00000000e5bf8060,0x00000000e5c00000)
  to   space 16384K, 0% used [0x00000000e3c00000,0x00000000e3c00000,0x00000000e4c00000)
 ParOldGen       total 103936K, used 27276K [0x0000000081600000, 0x0000000087b80000, 0x00000000d5d00000)
  object space 103936K, 26% used [0x0000000081600000,0x00000000830a33a8,0x0000000087b80000)
 Metaspace       used 45086K, capacity 45974K, committed 46040K, reserved 1089536K
  class space    used 6088K, capacity 6310K, committed 6360K, reserved 1048576K
}
Event: 1453.234 GC heap before
{Heap before GC invocations=17 (full 2):
 PSYoungGen      total 195072K, used 195040K [0x00000000d5d00000, 0x00000000e5c00000, 0x0000000100000000)
  eden space 184832K, 100% used [0x00000000d5d00000,0x00000000e1180000,0x00000000e1180000)
  from space 10240K, 99% used [0x00000000e5200000,0x00000000e5bf8060,0x00000000e5c00000)
  to   space 16384K, 0% used [0x00000000e3c00000,0x00000000e3c00000,0x00000000e4c00000)
 ParOldGen       total 103936K, used 27276K [0x0000000081600000, 0x0000000087b80000, 0x00000000d5d00000)
  object space 103936K, 26% used [0x0000000081600000,0x00000000830a33a8,0x0000000087b80000)
 Metaspace       used 45112K, capacity 45980K, committed 46040K, reserved 1089536K
  class space    used 6090K, capacity 6311K, committed 6360K, reserved 1048576K
Event: 1453.242 GC heap after
Heap after GC invocations=17 (full 2):
 PSYoungGen      total 188416K, used 10204K [0x00000000d5d00000, 0x00000000e5280000, 0x0000000100000000)
  eden space 178176K, 0% used [0x00000000d5d00000,0x00000000d5d00000,0x00000000e0b00000)
  from space 10240K, 99% used [0x00000000e3c00000,0x00000000e45f7080,0x00000000e4600000)
  to   space 12800K, 0% used [0x00000000e4600000,0x00000000e4600000,0x00000000e5280000)
 ParOldGen       total 103936K, used 27284K [0x0000000081600000, 0x0000000087b80000, 0x00000000d5d00000)
  object space 103936K, 26% used [0x0000000081600000,0x00000000830a53a8,0x0000000087b80000)
 Metaspace       used 45112K, capacity 45980K, committed 46040K, reserved 1089536K
  class space    used 6090K, capacity 6311K, committed 6360K, reserved 1048576K
}

